<?xml version="1.0" encoding="UTF-8"?>
<robot generator="Robot 3.2.2 (Python 3.9.2 on win32)" generated="20210313 15:01:09.806" rpa="false">
<suite id="s1" name="FirstTestCase" source="C:\Users\user\eclipse-workspace\RobProj1\Test1\FirstTestCase.robot">
<test id="s1-t1" name="LoginTest">
<kw name="Open Browser" library="SeleniumLibrary">
<doc>Opens a new browser instance to the optional ``url``.</doc>
<arguments>
<arg>https://www.phptravels.net/login</arg>
<arg>chrome</arg>
</arguments>
<msg timestamp="20210313 15:01:10.626" level="INFO">Opening browser 'chrome' to base url 'https://www.phptravels.net/login'.</msg>
<status status="PASS" starttime="20210313 15:01:10.626" endtime="20210313 15:01:24.714"></status>
</kw>
<kw name="Set Browser Implicit Wait" library="SeleniumLibrary">
<doc>Sets the implicit wait value used by Selenium.</doc>
<arguments>
<arg>5</arg>
</arguments>
<status status="PASS" starttime="20210313 15:01:24.715" endtime="20210313 15:01:24.717"></status>
</kw>
<kw name="Input Text" library="SeleniumLibrary">
<doc>Types the given ``text`` into the text field identified by ``locator``.</doc>
<arguments>
<arg>name=username</arg>
<arg>user@phptravels.com</arg>
</arguments>
<msg timestamp="20210313 15:01:24.718" level="INFO">Typing text 'user@phptravels.com' into text field 'name=username'.</msg>
<status status="PASS" starttime="20210313 15:01:24.717" endtime="20210313 15:01:24.878"></status>
</kw>
<kw name="Input Password" library="SeleniumLibrary">
<doc>Types the given password into the text field identified by ``locator``.</doc>
<arguments>
<arg>name=password</arg>
<arg>demouser</arg>
</arguments>
<msg timestamp="20210313 15:01:24.879" level="INFO">Typing password into text field 'name=password'.</msg>
<msg timestamp="20210313 15:01:24.930" level="INFO">Temporally setting log level to: NONE</msg>
<msg timestamp="20210313 15:01:24.993" level="INFO">Log level changed from NONE to INFO.</msg>
<status status="PASS" starttime="20210313 15:01:24.878" endtime="20210313 15:01:24.993"></status>
</kw>
<kw name="Log" library="BuiltIn">
<doc>Logs the given message with the given level.</doc>
<arguments>
<arg>Test completed</arg>
</arguments>
<msg timestamp="20210313 15:01:24.994" level="INFO">Test completed</msg>
<status status="PASS" starttime="20210313 15:01:24.994" endtime="20210313 15:01:24.994"></status>
</kw>
<doc>This a sample login test</doc>
<status status="PASS" starttime="20210313 15:01:10.625" endtime="20210313 15:01:24.994" critical="yes"></status>
</test>
<status status="PASS" starttime="20210313 15:01:09.812" endtime="20210313 15:01:24.995"></status>
</suite>
<statistics>
<total>
<stat pass="1" fail="0">Critical Tests</stat>
<stat pass="1" fail="0">All Tests</stat>
</total>
<tag>
</tag>
<suite>
<stat pass="1" fail="0" id="s1" name="FirstTestCase">FirstTestCase</stat>
</suite>
</statistics>
<errors>
</errors>
</robot>
